Determining if the pthread_create exist failed with the following output:
Change Dir: /home/abhilesh/Monocular_VO/src/CMakeFiles/CMakeTmp

Run Build Command:"/usr/bin/make" "cmTC_82cb6/fast"
/usr/bin/make -f CMakeFiles/cmTC_82cb6.dir/build.make CMakeFiles/cmTC_82cb6.dir/build
make[1]: Entering directory '/home/abhilesh/Monocular_VO/src/CMakeFiles/CMakeTmp'
Building C object CMakeFiles/cmTC_82cb6.dir/CheckSymbolExists.c.o
/usr/bin/cc    -fPIC    -o CMakeFiles/cmTC_82cb6.dir/CheckSymbolExists.c.o   -c /home/abhilesh/Monocular_VO/src/CMakeFiles/CMakeTmp/CheckSymbolExists.c
Linking C executable cmTC_82cb6
/usr/bin/cmake -E cmake_link_script CMakeFiles/cmTC_82cb6.dir/link.txt --verbose=1
/usr/bin/cc  -fPIC     CMakeFiles/cmTC_82cb6.dir/CheckSymbolExists.c.o  -o cmTC_82cb6 -rdynamic 
CMakeFiles/cmTC_82cb6.dir/CheckSymbolExists.c.o: In function `main':
CheckSymbolExists.c:(.text+0x1b): undefined reference to `pthread_create'
collect2: error: ld returned 1 exit status
CMakeFiles/cmTC_82cb6.dir/build.make:97: recipe for target 'cmTC_82cb6' failed
make[1]: *** [cmTC_82cb6] Error 1
make[1]: Leaving directory '/home/abhilesh/Monocular_VO/src/CMakeFiles/CMakeTmp'
Makefile:126: recipe for target 'cmTC_82cb6/fast' failed
make: *** [cmTC_82cb6/fast] Error 2

File /home/abhilesh/Monocular_VO/src/CMakeFiles/CMakeTmp/CheckSymbolExists.c:
/* */
#include <pthread.h>

int main(int argc, char** argv)
{
  (void)argv;
#ifndef pthread_create
  return ((int*)(&pthread_create))[argc];
#else
  (void)argc;
  return 0;
#endif
}

Determining if the function pthread_create exists in the pthreads failed with the following output:
Change Dir: /home/abhilesh/Monocular_VO/src/CMakeFiles/CMakeTmp

Run Build Command:"/usr/bin/make" "cmTC_dcb74/fast"
/usr/bin/make -f CMakeFiles/cmTC_dcb74.dir/build.make CMakeFiles/cmTC_dcb74.dir/build
make[1]: Entering directory '/home/abhilesh/Monocular_VO/src/CMakeFiles/CMakeTmp'
Building C object CMakeFiles/cmTC_dcb74.dir/CheckFunctionExists.c.o
/usr/bin/cc    -fPIC -DCHECK_FUNCTION_EXISTS=pthread_create   -o CMakeFiles/cmTC_dcb74.dir/CheckFunctionExists.c.o   -c /usr/share/cmake-3.5/Modules/CheckFunctionExists.c
Linking C executable cmTC_dcb74
/usr/bin/cmake -E cmake_link_script CMakeFiles/cmTC_dcb74.dir/link.txt --verbose=1
/usr/bin/cc  -fPIC -DCHECK_FUNCTION_EXISTS=pthread_create    CMakeFiles/cmTC_dcb74.dir/CheckFunctionExists.c.o  -o cmTC_dcb74 -rdynamic -lpthreads 
/usr/bin/ld: cannot find -lpthreads
collect2: error: ld returned 1 exit status
CMakeFiles/cmTC_dcb74.dir/build.make:97: recipe for target 'cmTC_dcb74' failed
make[1]: *** [cmTC_dcb74] Error 1
make[1]: Leaving directory '/home/abhilesh/Monocular_VO/src/CMakeFiles/CMakeTmp'
Makefile:126: recipe for target 'cmTC_dcb74/fast' failed
make: *** [cmTC_dcb74/fast] Error 2


